/home/data/cache_dir/pyop2/bb/2ee0c5acc5668f10fde0a05991df44_p58.c: In function ‘wrap_form1_cell_integral_otherwise’:
/home/data/cache_dir/pyop2/bb/2ee0c5acc5668f10fde0a05991df44_p58.c:101:25: warning: unused variable ‘i41’ [-Wunused-variable]
  101 |           int32_t const i41 = 0;
      |                         ^~~
/home/data/cache_dir/pyop2/bb/2ee0c5acc5668f10fde0a05991df44_p58.c:98:23: warning: unused variable ‘i40’ [-Wunused-variable]
   98 |         int32_t const i40 = 0;
      |                       ^~~
/home/data/cache_dir/pyop2/bb/2ee0c5acc5668f10fde0a05991df44_p58.c:110:25: warning: unused variable ‘i39’ [-Wunused-variable]
  110 |           int32_t const i39 = 0;
      |                         ^~~
/home/data/cache_dir/pyop2/bb/2ee0c5acc5668f10fde0a05991df44_p58.c:107:23: warning: unused variable ‘i38’ [-Wunused-variable]
  107 |         int32_t const i38 = 0;
      |                       ^~~
/home/data/cache_dir/pyop2/bb/2ee0c5acc5668f10fde0a05991df44_p58.c:116:23: warning: unused variable ‘i36’ [-Wunused-variable]
  116 |         int32_t const i36 = 0;
      |                       ^~~
/home/data/cache_dir/pyop2/bb/2ee0c5acc5668f10fde0a05991df44_p58.c:125:25: warning: unused variable ‘i35’ [-Wunused-variable]
  125 |           int32_t const i35 = 0;
      |                         ^~~
/home/data/cache_dir/pyop2/bb/2ee0c5acc5668f10fde0a05991df44_p58.c:122:23: warning: unused variable ‘i34’ [-Wunused-variable]
  122 |         int32_t const i34 = 0;
      |                       ^~~
/home/data/cache_dir/pyop2/bb/2ee0c5acc5668f10fde0a05991df44_p58.c:134:25: warning: unused variable ‘i33’ [-Wunused-variable]
  134 |           int32_t const i33 = 0;
      |                         ^~~
/home/data/cache_dir/pyop2/bb/2ee0c5acc5668f10fde0a05991df44_p58.c:131:23: warning: unused variable ‘i31’ [-Wunused-variable]
  131 |         int32_t const i31 = 0;
      |                       ^~~
/home/data/cache_dir/pyop2/bb/2ee0c5acc5668f10fde0a05991df44_p58.c:141:21: warning: unused variable ‘i28’ [-Wunused-variable]
  141 |       int32_t const i28 = 0;
      |                     ^~~
/home/data/cache_dir/pyop2/bb/2ee0c5acc5668f10fde0a05991df44_p58.c:148:21: warning: unused variable ‘i25’ [-Wunused-variable]
  148 |       int32_t const i25 = 0;
      |                     ^~~
/home/data/cache_dir/pyop2/bb/2ee0c5acc5668f10fde0a05991df44_p58.c:157:21: warning: unused variable ‘i24’ [-Wunused-variable]
  157 |       int32_t const i24 = 0;
      |                     ^~~
