/home/data/cache_dir/pyop2/5d/e477c318123a02a04012e66f8ece55_p58.c: In function ‘wrap_form0_cell_integral_otherwise’:
/home/data/cache_dir/pyop2/5d/e477c318123a02a04012e66f8ece55_p58.c:47:25: warning: unused variable ‘i25’ [-Wunused-variable]
   47 |           int32_t const i25 = 0;
      |                         ^~~
/home/data/cache_dir/pyop2/5d/e477c318123a02a04012e66f8ece55_p58.c:44:23: warning: unused variable ‘i24’ [-Wunused-variable]
   44 |         int32_t const i24 = 0;
      |                       ^~~
/home/data/cache_dir/pyop2/5d/e477c318123a02a04012e66f8ece55_p58.c:56:25: warning: unused variable ‘i23’ [-Wunused-variable]
   56 |           int32_t const i23 = 0;
      |                         ^~~
/home/data/cache_dir/pyop2/5d/e477c318123a02a04012e66f8ece55_p58.c:53:23: warning: unused variable ‘i21’ [-Wunused-variable]
   53 |         int32_t const i21 = 0;
      |                       ^~~
/home/data/cache_dir/pyop2/5d/e477c318123a02a04012e66f8ece55_p58.c:63:21: warning: unused variable ‘i18’ [-Wunused-variable]
   63 |       int32_t const i18 = 0;
      |                     ^~~
/home/data/cache_dir/pyop2/5d/e477c318123a02a04012e66f8ece55_p58.c:74:23: warning: unused variable ‘i17’ [-Wunused-variable]
   74 |         int32_t const i17 = 0;
      |                       ^~~
/home/data/cache_dir/pyop2/5d/e477c318123a02a04012e66f8ece55_p58.c:70:21: warning: unused variable ‘i15’ [-Wunused-variable]
   70 |       int32_t const i15 = 0;
      |                     ^~~
/home/data/cache_dir/pyop2/5d/e477c318123a02a04012e66f8ece55_p58.c:84:23: warning: unused variable ‘i14’ [-Wunused-variable]
   84 |         int32_t const i14 = 0;
      |                       ^~~
/home/data/cache_dir/pyop2/5d/e477c318123a02a04012e66f8ece55_p58.c:81:21: warning: unused variable ‘i13’ [-Wunused-variable]
   81 |       int32_t const i13 = 0;
      |                     ^~~
