/home/data/cache_dir/pyop2/94/5079a41b33715953df806c23003d24_p58.c: In function ‘wrap_form0_cell_integral_otherwise’:
/home/data/cache_dir/pyop2/94/5079a41b33715953df806c23003d24_p58.c:84:25: warning: unused variable ‘i35’ [-Wunused-variable]
   84 |           int32_t const i35 = 0;
      |                         ^~~
/home/data/cache_dir/pyop2/94/5079a41b33715953df806c23003d24_p58.c:81:23: warning: unused variable ‘i34’ [-Wunused-variable]
   81 |         int32_t const i34 = 0;
      |                       ^~~
/home/data/cache_dir/pyop2/94/5079a41b33715953df806c23003d24_p58.c:93:25: warning: unused variable ‘i33’ [-Wunused-variable]
   93 |           int32_t const i33 = 0;
      |                         ^~~
/home/data/cache_dir/pyop2/94/5079a41b33715953df806c23003d24_p58.c:90:23: warning: unused variable ‘i32’ [-Wunused-variable]
   90 |         int32_t const i32 = 0;
      |                       ^~~
/home/data/cache_dir/pyop2/94/5079a41b33715953df806c23003d24_p58.c:99:23: warning: unused variable ‘i30’ [-Wunused-variable]
   99 |         int32_t const i30 = 0;
      |                       ^~~
/home/data/cache_dir/pyop2/94/5079a41b33715953df806c23003d24_p58.c:108:25: warning: unused variable ‘i29’ [-Wunused-variable]
  108 |           int32_t const i29 = 0;
      |                         ^~~
/home/data/cache_dir/pyop2/94/5079a41b33715953df806c23003d24_p58.c:105:23: warning: unused variable ‘i27’ [-Wunused-variable]
  105 |         int32_t const i27 = 0;
      |                       ^~~
/home/data/cache_dir/pyop2/94/5079a41b33715953df806c23003d24_p58.c:115:21: warning: unused variable ‘i24’ [-Wunused-variable]
  115 |       int32_t const i24 = 0;
      |                     ^~~
/home/data/cache_dir/pyop2/94/5079a41b33715953df806c23003d24_p58.c:126:23: warning: unused variable ‘i23’ [-Wunused-variable]
  126 |         int32_t const i23 = 0;
      |                       ^~~
/home/data/cache_dir/pyop2/94/5079a41b33715953df806c23003d24_p58.c:122:21: warning: unused variable ‘i21’ [-Wunused-variable]
  122 |       int32_t const i21 = 0;
      |                     ^~~
/home/data/cache_dir/pyop2/94/5079a41b33715953df806c23003d24_p58.c:136:23: warning: unused variable ‘i20’ [-Wunused-variable]
  136 |         int32_t const i20 = 0;
      |                       ^~~
/home/data/cache_dir/pyop2/94/5079a41b33715953df806c23003d24_p58.c:133:21: warning: unused variable ‘i19’ [-Wunused-variable]
  133 |       int32_t const i19 = 0;
      |                     ^~~
