/home/data/cache_dir/pyop2/f7/3666312bad5f75083e148f596969f3_p59.c: In function ‘wrap_form1_cell_integral_otherwise’:
/home/data/cache_dir/pyop2/f7/3666312bad5f75083e148f596969f3_p59.c:93:25: warning: unused variable ‘i35’ [-Wunused-variable]
   93 |           int32_t const i35 = 0;
      |                         ^~~
/home/data/cache_dir/pyop2/f7/3666312bad5f75083e148f596969f3_p59.c:90:23: warning: unused variable ‘i34’ [-Wunused-variable]
   90 |         int32_t const i34 = 0;
      |                       ^~~
/home/data/cache_dir/pyop2/f7/3666312bad5f75083e148f596969f3_p59.c:102:25: warning: unused variable ‘i33’ [-Wunused-variable]
  102 |           int32_t const i33 = 0;
      |                         ^~~
/home/data/cache_dir/pyop2/f7/3666312bad5f75083e148f596969f3_p59.c:99:23: warning: unused variable ‘i32’ [-Wunused-variable]
   99 |         int32_t const i32 = 0;
      |                       ^~~
/home/data/cache_dir/pyop2/f7/3666312bad5f75083e148f596969f3_p59.c:108:23: warning: unused variable ‘i30’ [-Wunused-variable]
  108 |         int32_t const i30 = 0;
      |                       ^~~
/home/data/cache_dir/pyop2/f7/3666312bad5f75083e148f596969f3_p59.c:117:25: warning: unused variable ‘i29’ [-Wunused-variable]
  117 |           int32_t const i29 = 0;
      |                         ^~~
/home/data/cache_dir/pyop2/f7/3666312bad5f75083e148f596969f3_p59.c:114:23: warning: unused variable ‘i27’ [-Wunused-variable]
  114 |         int32_t const i27 = 0;
      |                       ^~~
/home/data/cache_dir/pyop2/f7/3666312bad5f75083e148f596969f3_p59.c:124:21: warning: unused variable ‘i24’ [-Wunused-variable]
  124 |       int32_t const i24 = 0;
      |                     ^~~
/home/data/cache_dir/pyop2/f7/3666312bad5f75083e148f596969f3_p59.c:131:21: warning: unused variable ‘i21’ [-Wunused-variable]
  131 |       int32_t const i21 = 0;
      |                     ^~~
/home/data/cache_dir/pyop2/f7/3666312bad5f75083e148f596969f3_p59.c:140:21: warning: unused variable ‘i20’ [-Wunused-variable]
  140 |       int32_t const i20 = 0;
      |                     ^~~
